<?xml version="1.0" encoding="UTF-8"?>
<testng-results ignored="0" total="2" passed="2" failed="0" skipped="0">
  <reporter-output>
  </reporter-output>
  <suite started-at="2024-06-24T19:18:38 IST" name="Default suite" finished-at="2024-06-24T19:18:43 IST" duration-ms="4919">
    <groups>
    </groups>
    <test started-at="2024-06-24T19:18:38 IST" name="Default test" finished-at="2024-06-24T19:18:43 IST" duration-ms="4919">
      <class name="api.tests.testurl">
        <test-method signature="getData()[pri:1, instance:api.tests.testurl@223191a6]" started-at="2024-06-24T19:18:38 IST" name="getData" finished-at="2024-06-24T19:18:41 IST" duration-ms="2917" status="PASS">
          <reporter-output>
          </reporter-output>
        </test-method> <!-- getData -->
        <test-method signature="createPet()[pri:2, instance:api.tests.testurl@223191a6]" started-at="2024-06-24T19:18:41 IST" name="createPet" finished-at="2024-06-24T19:18:43 IST" duration-ms="1961" status="PASS">
          <reporter-output>
          </reporter-output>
        </test-method> <!-- createPet -->
      </class> <!-- api.tests.testurl -->
    </test> <!-- Default test -->
  </suite> <!-- Default suite -->
</testng-results>
