<?xml version="1.0" encoding="UTF-8"?>
<testng-results ignored="0" total="1" passed="1" failed="0" skipped="0">
  <reporter-output>
  </reporter-output>
  <suite started-at="2024-06-01T19:03:06 IST" name="Default suite" finished-at="2024-06-01T19:03:08 IST" duration-ms="2526">
    <groups>
    </groups>
    <test started-at="2024-06-01T19:03:06 IST" name="Default test" finished-at="2024-06-01T19:03:08 IST" duration-ms="2526">
      <class name="api.tests.UserTests">
        <test-method is-config="true" signature="setupData()[pri:0, instance:api.tests.UserTests@59474f18]" started-at="2024-06-01T19:03:06 IST" name="setupData" finished-at="2024-06-01T19:03:06 IST" duration-ms="137" status="PASS">
          <reporter-output>
          </reporter-output>
        </test-method> <!-- setupData -->
        <test-method signature="testPostUser()[pri:1, instance:api.tests.UserTests@59474f18]" started-at="2024-06-01T19:03:06 IST" name="testPostUser" finished-at="2024-06-01T19:03:08 IST" duration-ms="2344" status="PASS">
          <reporter-output>
          </reporter-output>
        </test-method> <!-- testPostUser -->
      </class> <!-- api.tests.UserTests -->
    </test> <!-- Default test -->
  </suite> <!-- Default suite -->
</testng-results>
