<?xml version="1.0" encoding="UTF-8"?>
<!-- Generated by org.testng.reporters.JUnitXMLReporter -->
<testsuite ignored="0" hostname="inlen8520084518" failures="2" tests="2" name="Test" time="1.697" errors="0" timestamp="2023-08-10T16:47:54 IST">
  <testcase classname="api.tests.ContainerTest" name="testCreateContainer" time="1.439">
    <failure type="org.testng.internal.reflect.MethodMatcherException" message="
[public void api.tests.ContainerTest.testCreateContainer(java.lang.String,java.lang.String,java.lang.String)] has no parameters defined but was found to be using a data provider (either explicitly specified or inherited from class level annotation).
Data provider mismatch
Method: testCreateContainer([java.lang.String arg0, java.lang.String arg1, java.lang.String arg2])
Arguments: [null,(java.lang.String) Test_Ak1,(java.lang.String) CONTAINER,(java.lang.String) ,(java.lang.String) ,(java.lang.String) ]">
      <![CDATA[org.testng.internal.reflect.MethodMatcherException: 
[public void api.tests.ContainerTest.testCreateContainer(java.lang.String,java.lang.String,java.lang.String)] has no parameters defined but was found to be using a data provider (either explicitly specified or inherited from class level annotation).
Data provider mismatch
Method: testCreateContainer([java.lang.String arg0, java.lang.String arg1, java.lang.String arg2])
Arguments: [null,(java.lang.String) Test_Ak1,(java.lang.String) CONTAINER,(java.lang.String) ,(java.lang.String) ,(java.lang.String) ]
at java.base/java.util.ArrayList.forEach(ArrayList.java:1511)
... Removed 22 stack frames]]>
    </failure>
  </testcase> <!-- testCreateContainer -->
  <testcase classname="api.tests.ContainerTest" name="testGetContainerById" time="0.0">
    <failure type="org.testng.TestNGException" message="
Cannot inject @Test annotated Method [testGetContainerById] with [class java.lang.String].
For more information on native dependency injection please refer to https://testng.org/doc/documentation-main.html#native-dependency-injection">
      <![CDATA[org.testng.TestNGException: 
Cannot inject @Test annotated Method [testGetContainerById] with [class java.lang.String].
For more information on native dependency injection please refer to https://testng.org/doc/documentation-main.html#native-dependency-injection
at java.base/java.util.ArrayList.forEach(ArrayList.java:1511)
... Removed 26 stack frames]]>
    </failure>
  </testcase> <!-- testGetContainerById -->
</testsuite> <!-- Test -->
