<?xml version="1.0" encoding="UTF-8"?>
<!-- Generated by org.testng.reporters.JUnitXMLReporter -->
<testsuite ignored="0" hostname="inlen8520084518" failures="0" tests="4" name="Test" time="13.257" errors="0" timestamp="2023-07-10T22:10:42 IST">
  <testcase classname="api.tests.UserTests" name="testPostUser" time="3.587"/>
  <testcase classname="api.tests.UserTests" name="testGetUserByName" time="1.302"/>
  <testcase classname="api.tests.UserTests" name="testupdateUserByName" time="4.421"/>
  <testcase classname="api.tests.UserTests" name="testDeleteUserByName" time="3.377"/>
</testsuite> <!-- Test -->
