<?xml version="1.0" encoding="UTF-8"?>
<!-- Generated by org.testng.reporters.JUnitXMLReporter -->
<testsuite ignored="0" hostname="inlen8520084518" failures="0" tests="5" name="Default test" time="8.656" errors="0" timestamp="2023-08-10T23:05:20 IST">
  <testcase classname="api.tests.ContainerTest" name="testCreateContainer" time="3.178"/>
  <testcase classname="api.tests.ContainerTest" name="testGetContainerById" time="0.654"/>
  <testcase classname="api.tests.ContainerTest" name="testUpdateContainer" time="0.661"/>
  <testcase classname="api.tests.ContainerTest" name="testDeleteContainer" time="0.882"/>
  <testcase classname="api.tests.ContainerTest" name="testGetContainers" time="1.657"/>
</testsuite> <!-- Default test -->
